Loading mkl version 2022.2.1
Loading tbb version 2021.7.1
Loading compiler-rt version 2022.2.1
rm -rf *.x
gcc -DUSE_FLOAT -DMKL gemm.c -m64 -I/opt/area/shared/programs/x86/oneAPI/2022.3.1/mkl/2022.2.1/include -L/opt/area/shared/programs/x86/oneAPI/2022.3.1/mkl/2022.2.1/lib/intel64  -lmkl_intel_lp64 -lmkl_gnu_thread -lmkl_core -lgomp -lpthread -lm -ldl  -o gemm_mkl.x
gcc -DUSE_FLOAT -DOPENBLAS gemm.c -m64 -I/opt/area/shared/programs/AMD/openBLAS/0.3.21-omp/include -L//opt/area/shared/programs/AMD/openBLAS/0.3.21-omp/lib -lopenblas -lpthread -o gemm_oblas.x -fopenmp
2000
2000
2000
4000
4000
4000
6000
6000
6000
8000
8000
8000
10000
10000
10000
12000
12000
12000
14000
14000
14000
16000
16000
16000
18000
18000
18000
20000
20000
20000
22000
22000
22000
24000
24000
24000
26000
26000
26000
28000
28000
28000
30000
30000
30000
32000
32000
32000
34000
34000
34000
36000
36000
36000
38000
38000
38000
40000
40000
40000
42000
42000
42000
44000
44000
44000
46000
46000
46000
48000
48000
48000
50000
50000
50000
52000
52000
52000
54000
54000
54000
56000
56000
56000
58000
58000
58000
60000
60000
60000
62000
62000
62000
