Loading mkl version 2022.2.1
Loading tbb version 2021.7.1
Loading compiler-rt version 2022.2.1
rm -rf *.x
gcc -DUSE_DOUBLE -DMKL gemm.c -m64 -I/opt/area/shared/programs/x86/oneAPI/2022.3.1/mkl/2022.2.1/include -L/opt/area/shared/programs/x86/oneAPI/2022.3.1/mkl/2022.2.1/lib/intel64  -lmkl_intel_lp64 -lmkl_gnu_thread -lmkl_core -lgomp -lpthread -lm -ldl  -o gemm_mkl.x
gcc -DUSE_DOUBLE -DOPENBLAS gemm.c -m64 -I/opt/area/shared/programs/AMD/openBLAS/0.3.21-omp/include -L//opt/area/shared/programs/AMD/openBLAS/0.3.21-omp/lib -lopenblas -lpthread -o gemm_oblas.x -fopenmp
rm: cannot remove 'where_I_am.csv': No such file or directory
10000
10000
10000
10000
10000
10000
10000
10000
10000
10000
10000
10000
10000
10000
10000
10000
10000
10000
10000
10000
10000
10000
10000
10000
10000
10000
10000
10000
10000
10000
10000
10000
